# JRE version: Java(TM) SE Runtime Environment (8.0_66-b18) (build 1.8.0_66-b18)
# Java VM: Java HotSpot(TM) 64-Bit Server VM (25.66-b18 mixed mode windows-amd64 compressed oops)
Heap:
 PSYoungGen      total 75264K, used 45073K [0x000000076c800000, 0x0000000773500000, 0x00000007c0000000)
  eden space 64512K, 55% used [0x000000076c800000,0x000000076eafb958,0x0000000770700000)
  from space 10752K, 86% used [0x0000000770700000,0x0000000771008cf0,0x0000000771180000)
  to   space 10752K, 0% used [0x0000000772a80000,0x0000000772a80000,0x0000000773500000)
 ParOldGen       total 115712K, used 11631K [0x00000006c5800000, 0x00000006cc900000, 0x000000076c800000)
  object space 115712K, 10% used [0x00000006c5800000,0x00000006c635beb8,0x00000006cc900000)
 Metaspace       used 28982K, capacity 29436K, committed 29824K, reserved 1075200K
  class space    used 3710K, capacity 3854K, committed 3968K, reserved 1048576K
GC Heap History (8 events):
Event: 1.155 GC heap before
{Heap before GC invocations=1 (full 0):
 PSYoungGen      total 75264K, used 64512K [0x000000076c800000, 0x0000000771c00000, 0x00000007c0000000)
  eden space 64512K, 100% used [0x000000076c800000,0x0000000770700000,0x0000000770700000)
  from space 10752K, 0% used [0x0000000771180000,0x0000000771180000,0x0000000771c00000)
  to   space 10752K, 0% used [0x0000000770700000,0x0000000770700000,0x0000000771180000)
 ParOldGen       total 172032K, used 0K [0x00000006c5800000, 0x00000006d0000000, 0x000000076c800000)
  object space 172032K, 0% used [0x00000006c5800000,0x00000006c5800000,0x00000006d0000000)
 Metaspace       used 16277K, capacity 16414K, committed 16768K, reserved 1064960K
  class space    used 2039K, capacity 2075K, committed 2176K, reserved 1048576K
Event: 1.164 GC heap after
Heap after GC invocations=1 (full 0):
 PSYoungGen      total 75264K, used 10735K [0x000000076c800000, 0x0000000771c00000, 0x00000007c0000000)
  eden space 64512K, 0% used [0x000000076c800000,0x000000076c800000,0x0000000770700000)
  from space 10752K, 99% used [0x0000000770700000,0x000000077117bde8,0x0000000771180000)
  to   space 10752K, 0% used [0x0000000771180000,0x0000000771180000,0x0000000771c00000)
 ParOldGen       total 172032K, used 2701K [0x00000006c5800000, 0x00000006d0000000, 0x000000076c800000)
  object space 172032K, 1% used [0x00000006c5800000,0x00000006c5aa35c8,0x00000006d0000000)
 Metaspace       used 16277K, capacity 16414K, committed 16768K, reserved 1064960K
  class space    used 2039K, capacity 2075K, committed 2176K, reserved 1048576K
}
Event: 1.632 GC heap before
{Heap before GC invocations=2 (full 0):
 PSYoungGen      total 75264K, used 67330K [0x000000076c800000, 0x0000000771c00000, 0x00000007c0000000)
  eden space 64512K, 87% used [0x000000076c800000,0x000000076ff44d40,0x0000000770700000)
  from space 10752K, 99% used [0x0000000770700000,0x000000077117bde8,0x0000000771180000)
  to   space 10752K, 0% used [0x0000000771180000,0x0000000771180000,0x0000000771c00000)
 ParOldGen       total 172032K, used 2701K [0x00000006c5800000, 0x00000006d0000000, 0x000000076c800000)
  object space 172032K, 1% used [0x00000006c5800000,0x00000006c5aa35c8,0x00000006d0000000)
 Metaspace       used 20901K, capacity 21182K, committed 21296K, reserved 1069056K
  class space    used 2600K, capacity 2661K, committed 2688K, reserved 1048576K
Event: 1.640 GC heap after
Heap after GC invocations=2 (full 0):
 PSYoungGen      total 75264K, used 10742K [0x000000076c800000, 0x0000000775b00000, 0x00000007c0000000)
  eden space 64512K, 0% used [0x000000076c800000,0x000000076c800000,0x0000000770700000)
  from space 10752K, 99% used [0x0000000771180000,0x0000000771bfda90,0x0000000771c00000)
  to   space 10752K, 0% used [0x0000000770700000,0x0000000770700000,0x0000000771180000)
 ParOldGen       total 172032K, used 4129K [0x00000006c5800000, 0x00000006d0000000, 0x000000076c800000)
  object space 172032K, 2% used [0x00000006c5800000,0x00000006c5c08778,0x00000006d0000000)
 Metaspace       used 20901K, capacity 21182K, committed 21296K, reserved 1069056K
  class space    used 2600K, capacity 2661K, committed 2688K, reserved 1048576K
}
Event: 1.640 GC heap before
{Heap before GC invocations=3 (full 1):
 PSYoungGen      total 75264K, used 10742K [0x000000076c800000, 0x0000000775b00000, 0x00000007c0000000)
  eden space 64512K, 0% used [0x000000076c800000,0x000000076c800000,0x0000000770700000)
  from space 10752K, 99% used [0x0000000771180000,0x0000000771bfda90,0x0000000771c00000)
  to   space 10752K, 0% used [0x0000000770700000,0x0000000770700000,0x0000000771180000)
 ParOldGen       total 172032K, used 4129K [0x00000006c5800000, 0x00000006d0000000, 0x000000076c800000)
  object space 172032K, 2% used [0x00000006c5800000,0x00000006c5c08778,0x00000006d0000000)
 Metaspace       used 20901K, capacity 21182K, committed 21296K, reserved 1069056K
  class space    used 2600K, capacity 2661K, committed 2688K, reserved 1048576K
Event: 1.664 GC heap after
Heap after GC invocations=3 (full 1):
 PSYoungGen      total 75264K, used 0K [0x000000076c800000, 0x0000000775b00000, 0x00000007c0000000)
  eden space 64512K, 0% used [0x000000076c800000,0x000000076c800000,0x0000000770700000)
  from space 10752K, 0% used [0x0000000771180000,0x0000000771180000,0x0000000771c00000)
  to   space 10752K, 0% used [0x0000000770700000,0x0000000770700000,0x0000000771180000)
 ParOldGen       total 115712K, used 11623K [0x00000006c5800000, 0x00000006cc900000, 0x000000076c800000)
  object space 115712K, 10% used [0x00000006c5800000,0x00000006c6359eb8,0x00000006cc900000)
 Metaspace       used 20901K, capacity 21182K, committed 21296K, reserved 1069056K
  class space    used 2600K, capacity 2661K, committed 2688K, reserved 1048576K
}
Event: 2.573 GC heap before
{Heap before GC invocations=4 (full 1):
 PSYoungGen      total 75264K, used 64512K [0x000000076c800000, 0x0000000775b00000, 0x00000007c0000000)
  eden space 64512K, 100% used [0x000000076c800000,0x0000000770700000,0x0000000770700000)
  from space 10752K, 0% used [0x0000000771180000,0x0000000771180000,0x0000000771c00000)
  to   space 10752K, 0% used [0x0000000770700000,0x0000000770700000,0x0000000771180000)
 ParOldGen       total 115712K, used 11623K [0x00000006c5800000, 0x00000006cc900000, 0x000000076c800000)
  object space 115712K, 10% used [0x00000006c5800000,0x00000006c6359eb8,0x00000006cc900000)
 Metaspace       used 27527K, capacity 27922K, committed 28288K, reserved 1073152K
  class space    used 3539K, capacity 3651K, committed 3712K, reserved 1048576K
Event: 2.578 GC heap after
Heap after GC invocations=4 (full 1):
 PSYoungGen      total 75264K, used 9251K [0x000000076c800000, 0x0000000773500000, 0x00000007c0000000)
  eden space 64512K, 0% used [0x000000076c800000,0x000000076c800000,0x0000000770700000)
  from space 10752K, 86% used [0x0000000770700000,0x0000000771008cf0,0x0000000771180000)
  to   space 10752K, 0% used [0x0000000772a80000,0x0000000772a80000,0x0000000773500000)
 ParOldGen       total 115712K, used 11631K [0x00000006c5800000, 0x00000006cc900000, 0x000000076c800000)
  object space 115712K, 10% used [0x00000006c5800000,0x00000006c635beb8,0x00000006cc900000)
 Metaspace       used 27527K, capacity 27922K, committed 28288K, reserved 1073152K
  class space    used 3539K, capacity 3651K, committed 3712K, reserved 1048576K
}

