# JRE version: Java(TM) SE Runtime Environment (8.0_66-b18) (build 1.8.0_66-b18)
# Java VM: Java HotSpot(TM) 64-Bit Server VM (25.66-b18 mixed mode windows-amd64 compressed oops)
Heap:
 PSYoungGen      total 141824K, used 102210K [0x000000076b200000, 0x0000000774700000, 0x00000007c0000000)
  eden space 131072K, 77% used [0x000000076b200000,0x00000007715d0b88,0x0000000773200000)
  from space 10752K, 0% used [0x0000000773c80000,0x0000000773c80000,0x0000000774700000)
  to   space 10752K, 0% used [0x0000000773200000,0x0000000773200000,0x0000000773c80000)
 ParOldGen       total 114688K, used 11533K [0x00000006c1600000, 0x00000006c8600000, 0x000000076b200000)
  object space 114688K, 10% used [0x00000006c1600000,0x00000006c2143680,0x00000006c8600000)
 Metaspace       used 28812K, capacity 29226K, committed 29440K, reserved 1075200K
  class space    used 3709K, capacity 3839K, committed 3840K, reserved 1048576K
GC Heap History (6 events):
Event: 1.672 GC heap before
{Heap before GC invocations=1 (full 0):
 PSYoungGen      total 76288K, used 65536K [0x000000076b200000, 0x0000000770700000, 0x00000007c0000000)
  eden space 65536K, 100% used [0x000000076b200000,0x000000076f200000,0x000000076f200000)
  from space 10752K, 0% used [0x000000076fc80000,0x000000076fc80000,0x0000000770700000)
  to   space 10752K, 0% used [0x000000076f200000,0x000000076f200000,0x000000076fc80000)
 ParOldGen       total 175104K, used 0K [0x00000006c1600000, 0x00000006cc100000, 0x000000076b200000)
  object space 175104K, 0% used [0x00000006c1600000,0x00000006c1600000,0x00000006cc100000)
 Metaspace       used 16234K, capacity 16358K, committed 16512K, reserved 1062912K
  class space    used 2028K, capacity 2075K, committed 2176K, reserved 1048576K
Event: 1.691 GC heap after
Heap after GC invocations=1 (full 0):
 PSYoungGen      total 76288K, used 10726K [0x000000076b200000, 0x0000000774700000, 0x00000007c0000000)
  eden space 65536K, 0% used [0x000000076b200000,0x000000076b200000,0x000000076f200000)
  from space 10752K, 99% used [0x000000076f200000,0x000000076fc79810,0x000000076fc80000)
  to   space 10752K, 0% used [0x0000000773c80000,0x0000000773c80000,0x0000000774700000)
 ParOldGen       total 175104K, used 2663K [0x00000006c1600000, 0x00000006cc100000, 0x000000076b200000)
  object space 175104K, 1% used [0x00000006c1600000,0x00000006c1899e60,0x00000006cc100000)
 Metaspace       used 16234K, capacity 16358K, committed 16512K, reserved 1062912K
  class space    used 2028K, capacity 2075K, committed 2176K, reserved 1048576K
}
Event: 2.581 GC heap before
{Heap before GC invocations=2 (full 0):
 PSYoungGen      total 76288K, used 61958K [0x000000076b200000, 0x0000000774700000, 0x00000007c0000000)
  eden space 65536K, 78% used [0x000000076b200000,0x000000076e408028,0x000000076f200000)
  from space 10752K, 99% used [0x000000076f200000,0x000000076fc79810,0x000000076fc80000)
  to   space 10752K, 0% used [0x0000000773c80000,0x0000000773c80000,0x0000000774700000)
 ParOldGen       total 175104K, used 2663K [0x00000006c1600000, 0x00000006cc100000, 0x000000076b200000)
  object space 175104K, 1% used [0x00000006c1600000,0x00000006c1899e60,0x00000006cc100000)
 Metaspace       used 21024K, capacity 21202K, committed 21296K, reserved 1069056K
  class space    used 2602K, capacity 2679K, committed 2688K, reserved 1048576K
Event: 2.601 GC heap after
Heap after GC invocations=2 (full 0):
 PSYoungGen      total 141824K, used 10750K [0x000000076b200000, 0x0000000774700000, 0x00000007c0000000)
  eden space 131072K, 0% used [0x000000076b200000,0x000000076b200000,0x0000000773200000)
  from space 10752K, 99% used [0x0000000773c80000,0x00000007746ff9f0,0x0000000774700000)
  to   space 10752K, 0% used [0x0000000773200000,0x0000000773200000,0x0000000773c80000)
 ParOldGen       total 175104K, used 3876K [0x00000006c1600000, 0x00000006cc100000, 0x000000076b200000)
  object space 175104K, 2% used [0x00000006c1600000,0x00000006c19c9020,0x00000006cc100000)
 Metaspace       used 21024K, capacity 21202K, committed 21296K, reserved 1069056K
  class space    used 2602K, capacity 2679K, committed 2688K, reserved 1048576K
}
Event: 2.601 GC heap before
{Heap before GC invocations=3 (full 1):
 PSYoungGen      total 141824K, used 10750K [0x000000076b200000, 0x0000000774700000, 0x00000007c0000000)
  eden space 131072K, 0% used [0x000000076b200000,0x000000076b200000,0x0000000773200000)
  from space 10752K, 99% used [0x0000000773c80000,0x00000007746ff9f0,0x0000000774700000)
  to   space 10752K, 0% used [0x0000000773200000,0x0000000773200000,0x0000000773c80000)
 ParOldGen       total 175104K, used 3876K [0x00000006c1600000, 0x00000006cc100000, 0x000000076b200000)
  object space 175104K, 2% used [0x00000006c1600000,0x00000006c19c9020,0x00000006cc100000)
 Metaspace       used 21024K, capacity 21202K, committed 21296K, reserved 1069056K
  class space    used 2602K, capacity 2679K, committed 2688K, reserved 1048576K
Event: 2.648 GC heap after
Heap after GC invocations=3 (full 1):
 PSYoungGen      total 141824K, used 0K [0x000000076b200000, 0x0000000774700000, 0x00000007c0000000)
  eden space 131072K, 0% used [0x000000076b200000,0x000000076b200000,0x0000000773200000)
  from space 10752K, 0% used [0x0000000773c80000,0x0000000773c80000,0x0000000774700000)
  to   space 10752K, 0% used [0x0000000773200000,0x0000000773200000,0x0000000773c80000)
 ParOldGen       total 114688K, used 11533K [0x00000006c1600000, 0x00000006c8600000, 0x000000076b200000)
  object space 114688K, 10% used [0x00000006c1600000,0x00000006c2143680,0x00000006c8600000)
 Metaspace       used 21024K, capacity 21202K, committed 21296K, reserved 1069056K
  class space    used 2602K, capacity 2679K, committed 2688K, reserved 1048576K
}

